<?xml version="1.0" encoding="UTF-8"?>
<testsuite name="SolutionTest" tests="9" skipped="0" failures="0" errors="0" timestamp="2022-07-09T16:30:22" hostname="yuanyu-ubuntu" time="0.041">
  <properties/>
  <testcase name="isInterleaveDFSExample1()" classname="SolutionTest" time="0.027"/>
  <testcase name="isInterleaveDFSExample2()" classname="SolutionTest" time="0.002"/>
  <testcase name="isInterleaveDFSExample3()" classname="SolutionTest" time="0.001"/>
  <testcase name="isInterleaveExample1()" classname="SolutionTest" time="0.001"/>
  <testcase name="isInterleaveExample2()" classname="SolutionTest" time="0.001"/>
  <testcase name="isInterleaveExample3()" classname="SolutionTest" time="0.001"/>
  <testcase name="isInterleaveV1Example1()" classname="SolutionTest" time="0.001"/>
  <testcase name="isInterleaveV1Example2()" classname="SolutionTest" time="0.001"/>
  <testcase name="isInterleaveV1Example3()" classname="SolutionTest" time="0.001"/>
  <system-out><![CDATA[]]></system-out>
  <system-err><![CDATA[]]></system-err>
</testsuite>
